{
  "stats": {
    "suites": 1,
    "tests": 6,
    "passes": 6,
    "pending": 0,
    "failures": 0,
    "start": "2023-06-13T09:12:09.262Z",
    "end": "2023-06-13T09:13:02.558Z",
    "duration": 53296,
    "testsRegistered": 6,
    "passPercent": 100,
    "pendingPercent": 0,
    "other": 0,
    "hasOther": false,
    "skipped": 0,
    "hasSkipped": false
  },
  "results": [
    {
      "uuid": "aecdec17-6bc8-4e64-9389-9fe21c00fa16",
      "title": "",
      "fullFile": "cypress\\e2e\\Main File\\Login.cy.js",
      "file": "cypress\\e2e\\Main File\\Login.cy.js",
      "beforeHooks": [],
      "afterHooks": [],
      "tests": [],
      "suites": [
        {
          "uuid": "9c6013c0-d0c3-4c35-b429-8090f7981376",
          "title": "Admin",
          "fullFile": "",
          "file": "",
          "beforeHooks": [],
          "afterHooks": [],
          "tests": [
            {
              "title": "Test that admin in able to login",
              "fullTitle": "Admin Test that admin in able to login",
              "timedOut": null,
              "duration": 14070,
              "state": "passed",
              "speed": "slow",
              "pass": true,
              "fail": false,
              "pending": false,
              "context": "{\n  \"title\": \"cypress-mochawesome-reporter-videos-passed\",\n  \"value\": \"cypress\\\\e2e\\\\Main File\\\\Login.cy.js\"\n}",
              "code": "const log = new _adminLogin.default();\nlog.logincredentials(repodata.Email, repodata.Password);",
              "err": {},
              "uuid": "8470d976-3ab6-4d44-8397-c27686386b3f",
              "parentUUID": "9c6013c0-d0c3-4c35-b429-8090f7981376",
              "isHook": false,
              "skipped": false
            },
            {
              "title": "verify that if admin is able to login with invalid credentials",
              "fullTitle": "Admin verify that if admin is able to login with invalid credentials",
              "timedOut": null,
              "duration": 11150,
              "state": "passed",
              "speed": "slow",
              "pass": true,
              "fail": false,
              "pending": false,
              "context": "{\n  \"title\": \"cypress-mochawesome-reporter-videos-passed\",\n  \"value\": \"cypress\\\\e2e\\\\Main File\\\\Login.cy.js\"\n}",
              "code": "const log = new _adminLogin.default();\nlog.loginwithinvalidcredentials();",
              "err": {},
              "uuid": "9ff01672-2dad-4e59-8116-0a68101a7fdc",
              "parentUUID": "9c6013c0-d0c3-4c35-b429-8090f7981376",
              "isHook": false,
              "skipped": false
            },
            {
              "title": "verify that if the admin enters email and leaves psd empty and clicks on login button",
              "fullTitle": "Admin verify that if the admin enters email and leaves psd empty and clicks on login button",
              "timedOut": null,
              "duration": 8060,
              "state": "passed",
              "speed": "medium",
              "pass": true,
              "fail": false,
              "pending": false,
              "context": "{\n  \"title\": \"cypress-mochawesome-reporter-videos-passed\",\n  \"value\": \"cypress\\\\e2e\\\\Main File\\\\Login.cy.js\"\n}",
              "code": "const log = new _adminLogin.default();\nlog.fillemailandleavepsdempty(repodata.Email);",
              "err": {},
              "uuid": "16229a8b-ca52-41b1-84d4-723d5e580911",
              "parentUUID": "9c6013c0-d0c3-4c35-b429-8090f7981376",
              "isHook": false,
              "skipped": false
            },
            {
              "title": "verify that if user leaves email empty and fills the password field and clicks on the login button",
              "fullTitle": "Admin verify that if user leaves email empty and fills the password field and clicks on the login button",
              "timedOut": null,
              "duration": 3904,
              "state": "passed",
              "speed": "fast",
              "pass": true,
              "fail": false,
              "pending": false,
              "context": "{\n  \"title\": \"cypress-mochawesome-reporter-videos-passed\",\n  \"value\": \"cypress\\\\e2e\\\\Main File\\\\Login.cy.js\"\n}",
              "code": "const log = new _adminLogin.default();\nlog.fillpasswordandleaveemailempty(repodata.Password);",
              "err": {},
              "uuid": "de15eb4c-922f-4178-b314-87d0b0f9d7c7",
              "parentUUID": "9c6013c0-d0c3-4c35-b429-8090f7981376",
              "isHook": false,
              "skipped": false
            },
            {
              "title": "Test that Email field, Password field and login button are visible on login page",
              "fullTitle": "Admin Test that Email field, Password field and login button are visible on login page",
              "timedOut": null,
              "duration": 6198,
              "state": "passed",
              "speed": "medium",
              "pass": true,
              "fail": false,
              "pending": false,
              "context": "{\n  \"title\": \"cypress-mochawesome-reporter-videos-passed\",\n  \"value\": \"cypress\\\\e2e\\\\Main File\\\\Login.cy.js\"\n}",
              "code": "const log = new _adminLogin.default();\nlog.loginfieldsvisibleity();",
              "err": {},
              "uuid": "36540b69-830e-4c73-bf42-d6812e9ad577",
              "parentUUID": "9c6013c0-d0c3-4c35-b429-8090f7981376",
              "isHook": false,
              "skipped": false
            },
            {
              "title": "verify that admin is able to reset password",
              "fullTitle": "Admin verify that admin is able to reset password",
              "timedOut": null,
              "duration": 9564,
              "state": "passed",
              "speed": "medium",
              "pass": true,
              "fail": false,
              "pending": false,
              "context": "{\n  \"title\": \"cypress-mochawesome-reporter-videos-passed\",\n  \"value\": \"cypress\\\\e2e\\\\Main File\\\\Login.cy.js\"\n}",
              "code": "const log = new _adminLogin.default();\nlog.forgotpassword(repodata.Email, repodata.Passwordnew1, repodata.Passwordnew2);",
              "err": {},
              "uuid": "3064cac0-bcc5-436a-95d6-0ef0ee805b76",
              "parentUUID": "9c6013c0-d0c3-4c35-b429-8090f7981376",
              "isHook": false,
              "skipped": false
            }
          ],
          "suites": [],
          "passes": [
            "8470d976-3ab6-4d44-8397-c27686386b3f",
            "9ff01672-2dad-4e59-8116-0a68101a7fdc",
            "16229a8b-ca52-41b1-84d4-723d5e580911",
            "de15eb4c-922f-4178-b314-87d0b0f9d7c7",
            "36540b69-830e-4c73-bf42-d6812e9ad577",
            "3064cac0-bcc5-436a-95d6-0ef0ee805b76"
          ],
          "failures": [],
          "pending": [],
          "skipped": [],
          "duration": 52946,
          "root": false,
          "rootEmpty": false,
          "_timeout": 2000
        }
      ],
      "passes": [],
      "failures": [],
      "pending": [],
      "skipped": [],
      "duration": 0,
      "root": true,
      "rootEmpty": true,
      "_timeout": 2000
    }
  ],
  "meta": {
    "mocha": {
      "version": "7.0.1"
    },
    "mochawesome": {
      "options": {
        "quiet": false,
        "reportFilename": "custom-report",
        "saveHtml": false,
        "saveJson": true,
        "consoleReporter": "spec",
        "useInlineDiffs": false,
        "code": true
      },
      "version": "7.1.3"
    },
    "marge": {
      "options": {
        "reportDir": "cypress\\reports\\mochawesome\\.jsons",
        "reportFilename": "custom-report",
        "overwrite": false,
        "html": false,
        "json": true,
        "code": true,
        "autoOpen": false,
        "overwriteScreenshots": true,
        "overwriteJson": false,
        "failOnConsoleError": true,
        "codeTheme": "agate"
      },
      "version": "6.2.0"
    }
  }
}